
Best solution
------------------------------------------------
Decided values: 0
Bound: 3.28034e+06
Total value: 538208
Total cost: 488208

17  10823 9823
22  10675 9675
24  10970 9970
37  10645 9645
62  10819 9819
91  10722 9722
111  10537 9537
135  10937 9937
139  10872 9872
144  10510 9510
148  10576 9576
152  10504 9504
172  10898 9898
179  10681 9681
216  10747 9747
265  10806 9806
283  10665 9665
364  10552 9552
374  10710 9710
391  10910 9910
392  10963 9963
399  10763 9763
403  10681 9681
416  10516 9516
431  10746 9746
449  10870 9870
485  10859 9859
495  10780 9780
515  10762 9762
516  10722 9722
594  10711 9711
601  10837 9837
612  10958 9958
661  10560 9560
734  10879 9879
736  10788 9788
757  10674 9674
760  10662 9662
762  10612 9612
767  10935 9935
774  10858 9858
858  10872 9872
891  10968 9968
901  10491 9491
911  10859 9859
965  10975 9975
979  10770 9770
980  10949 9949
1000  10866 9866
1013  10763 9763

