
Best solution
------------------------------------------------
Decided values: 0
Bound: 1.48804e+06
Total value: 1486944
Total cost: 1330944

1  1001 1
5  8367 7367
7  8690 7690
9  8613 7613
10  9347 8347
13  9122 8122
14  9730 8730
17  10823 9823
18  10232 9232
19  9463 8463
22  10675 9675
24  10970 9970
26  10407 9407
30  8331 7331
31  8356 7356
32  9361 8361
33  9305 8305
37  10645 9645
38  10439 9439
39  9139 8139
42  8650 7650
45  9100 8100
56  8718 7718
61  8751 7751
62  10819 9819
65  10240 9240
68  8226 7226
73  8613 7613
76  8475 7475
79  9712 8712
81  10410 9410
83  9157 8157
84  9250 8250
87  9242 8242
91  10722 9722
94  9652 8652
99  9885 8885
104  10129 9129
106  9597 8597
109  9921 8921
111  10537 9537
123  8943 7943
126  8642 7642
128  9205 8205
129  9361 8361
130  8551 7551
132  8904 7904
133  9861 8861
134  10400 9400
135  10937 9937
139  10872 9872
143  10459 9459
144  10510 9510
147  10141 9141
148  10576 9576
152  10504 9504
153  9006 8006
165  8487 7487
169  9370 8370
172  10898 9898
179  10681 9681
185  9809 8809
187  8587 7587
193  9356 8356
196  9052 8052
197  8862 7862
206  10462 9462
207  9062 8062
210  9203 8203
214  9160 8160
216  10747 9747
219  9187 8187
224  10412 9412
228  10109 9109
238  9149 8149
239  9544 8544
242  10396 9396
245  9725 8725
257  9648 8648
261  9658 8658
265  10806 9806
266  10229 9229
271  10354 9354
273  10300 9300
274  8329 7329
275  10174 9174
277  9751 8751
283  10665 9665
286  9127 8127
287  10308 9308
289  8308 7308
290  9460 8460
299  8295 7295
301  8413 7413
302  10301 9301
303  10072 9072
305  10321 9321
308  8594 7594
317  8892 7892
318  9645 8645
323  9643 8643
330  10466 9466
340  9119 8119
347  9662 8662
349  10123 9123
350  10028 9028
351  9182 8182
358  8410 7410
360  9850 8850
362  10237 9237
364  10552 9552
366  9117 8117
374  10710 9710
375  9921 8921
376  9110 8110
381  9554 8554
384  9887 8887
391  10910 9910
392  10963 9963
393  9632 8632
399  10763 9763
403  10681 9681
410  9922 8922
413  9909 8909
416  10516 9516
418  8422 7422
419  10352 9352
423  9885 8885
427  8400 7400
428  10362 9362
431  10746 9746
432  8376 7376
437  8399 7399
441  8636 7636
442  8613 7613
445  8360 7360
447  9120 8120
448  9576 8576
449  10870 9870
452  8312 7312
457  9810 8810
459  9819 8819
467  8359 7359
469  9895 8895
470  9167 8167
472  9337 8337
476  9198 8198
479  9323 8323
483  8965 7965
485  10859 9859
490  9652 8652
492  9293 8293
494  10090 9090
495  10780 9780
506  1335 335
507  10164 9164

