
Best solution
------------------------------------------------
Decided values: 0
Bound: 69805
Total value: 69805
Total cost: 62405

0  670 570
3  996 896
6  1097 997
11  974 874
14  830 730
17  923 823
24  1070 970
25  1100 1000
27  876 776
34  898 798
46  938 838
48  825 725
49  860 760
50  943 843
51  876 776
54  1077 977
55  1037 937
56  818 718
59  381 281
61  851 751
62  919 819
66  1075 975
69  868 768
75  981 881
79  812 712
82  998 898
85  924 824
91  822 722
93  875 775
96  967 867
99  985 885
102  1089 989
109  1021 921
115  1059 959
118  902 802
121  1040 940
122  1043 943
123  1043 943
124  1097 997
127  1022 922
131  1047 947
132  1004 904
133  961 861
135  1037 937
137  854 754
139  972 872
142  852 752
157  823 723
159  823 723
160  870 770
163  929 829
166  985 885
171  923 823
172  998 898
174  1023 923
177  1077 977
178  886 786
183  1033 933
185  909 809
195  884 784
197  962 862
198  910 810
213  1013 913
216  847 747
223  1039 939
226  1005 905
234  1087 987
235  912 812
237  853 753
240  864 764
243  930 830
244  1005 905
245  825 725
250  1081 981

