
Best solution
------------------------------------------------
Decided values: 0
Bound: 35420
Total value: 35420
Total cost: 31620

3  996 896
6  1097 997
11  974 874
14  830 730
17  923 823
18  332 232
24  1070 970
25  1100 1000
27  876 776
34  898 798
46  938 838
48  825 725
49  860 760
50  943 843
51  876 776
54  1077 977
55  1037 937
61  851 751
62  919 819
66  1075 975
69  868 768
75  981 881
82  998 898
85  924 824
91  822 722
92  187 87
93  875 775
96  967 867
99  985 885
102  1089 989
109  1021 921
115  1059 959
118  902 802
121  1040 940
122  1043 943
123  1043 943
124  1097 997
127  1022 922

