Num colors: 7
Num nodes: 192
Num edges: 2361

------------------------------------------------
Num conflicts: 1
0 0
1 1
2 0
3 1
4 0
5 2
6 1
7 0
8 1
9 0
10 2
11 3
12 1
13 0
14 1
15 0
16 2
17 1
18 0
19 1
20 0
21 2
22 3
23 4
24 1
25 0
26 1
27 0
28 2
29 1
30 0
31 1
32 0
33 2
34 3
35 1
36 0
37 1
38 0
39 2
40 1
41 0
42 1
43 0
44 2
45 3
46 4
47 5
48 1
49 0
50 1
51 0
52 2
53 1
54 0
55 1
56 0
57 2
58 3
59 1
60 0
61 1
62 0
63 2
64 1
65 0
66 1
67 0
68 2
69 3
70 4
71 1
72 0
73 1
74 0
75 2
76 1
77 0
78 1
79 0
80 2
81 3
82 1
83 0
84 1
85 0
86 2
87 1
88 0
89 1
90 0
91 2
92 3
93 4
94 5
95 6
96 1
97 0
98 1
99 0
100 2
101 1
102 0
103 1
104 0
105 2
106 3
107 1
108 0
109 1
110 0
111 2
112 1
113 0
114 1
115 0
116 2
117 3
118 4
119 1
120 0
121 1
122 0
123 2
124 1
125 0
126 1
127 0
128 2
129 3
130 1
131 0
132 1
133 0
134 2
135 1
136 0
137 1
138 0
139 2
140 3
141 4
142 5
143 1
144 0
145 1
146 0
147 2
148 1
149 0
150 1
151 0
152 2
153 3
154 1
155 0
156 1
157 0
158 2
159 1
160 0
161 1
162 0
163 2
164 3
165 4
166 1
167 0
168 1
169 0
170 2
171 1
172 0
173 1
174 0
175 2
176 3
177 1
178 0
179 1
180 0
181 2
182 1
183 0
184 1
185 0
186 2
187 3
188 4
189 5
190 6
191 6
