Num colors: 6
Num nodes: 96
Num edges: 756

------------------------------------------------
Num conflicts: 1
0 0
1 1
2 0
3 1
4 0
5 2
6 1
7 0
8 1
9 0
10 2
11 3
12 1
13 0
14 1
15 0
16 2
17 1
18 0
19 1
20 0
21 2
22 3
23 4
24 1
25 0
26 1
27 0
28 2
29 1
30 0
31 1
32 0
33 2
34 3
35 1
36 0
37 1
38 0
39 2
40 1
41 0
42 1
43 0
44 2
45 3
46 4
47 5
48 1
49 0
50 1
51 0
52 2
53 1
54 0
55 1
56 0
57 2
58 3
59 1
60 0
61 1
62 0
63 2
64 1
65 0
66 1
67 0
68 2
69 3
70 4
71 1
72 0
73 1
74 0
75 2
76 1
77 0
78 1
79 0
80 2
81 3
82 1
83 0
84 1
85 0
86 2
87 1
88 0
89 1
90 0
91 2
92 3
93 4
94 5
95 5
