Done reading knapsack instance

Best solution
------------------------------------------------
Decided values: 61
Bound: 20079
Total value: 20046
Total cost: 15546

0  197 97
1  101 1
2  219 119
3  996 896
4  287 187
5  467 367
8  122 22
9  713 613
10  447 347
12  622 522
13  222 122
14  830 730
15  586 486
16  805 705
18  332 232
19  563 463
20  654 554
21  689 589
22  775 675
23  425 325
26  507 407
28  376 276
29  223 123
30  431 331
31  456 356
32  461 361
33  405 305
35  147 47
36  527 427
37  745 645
38  539 439
39  239 139
40  191 91
41  347 247
42  750 650
43  311 211
44  110 10
45  200 100
47  727 627
52  237 137
53  575 475
57  201 101
58  199 99
59  381 281
60  709 609

